2022-05-21-09-02 neoc env_setup SUCCESS
2022-05-21-09-02 neoc env_backup SUCCESS
2022-05-21-09-02 neoc dockerfiles_backup SUCCESS
2022-05-21-09-02 neoc database_backup SUCCESS
2022-05-21-09-02 neoc mediafiles_backup SUCCESS
2022-05-21-09-04 neoc env_setup SUCCESS
2022-05-21-09-04 neoc env_backup SUCCESS
2022-05-21-09-04 neoc dockerfiles_backup SUCCESS
2022-05-21-09-04 neoc database_backup SUCCESS
2022-05-21-09-04 neoc mediafiles_backup SUCCESS
2022-05-21-09-07 drone-registration env_setup SUCCESS
2022-05-21-09-07 drone-registration env_backup SUCCESS
2022-05-21-09-07 drone-registration dockerfiles_backup SUCCESS
2022-05-21-09-07 drone-registration database_backup SUCCESS
2022-05-21-09-07 drone-registration mediafiles_backup SUCCESS
2022-05-21-09-09 drone-registration env_setup SUCCESS
2022-05-21-09-09 drone-registration env_backup SUCCESS
2022-05-21-09-09 drone-registration dockerfiles_backup SUCCESS
2022-05-21-09-09 drone-registration database_backup SUCCESS
2022-05-21-09-09 drone-registration mediafiles_backup SUCCESS
2022-05-21-09-09 drone-registration env_setup SUCCESS
2022-05-21-09-09 drone-registration env_backup SUCCESS
2022-05-21-09-09 drone-registration dockerfiles_backup SUCCESS
2022-05-21-09-09 drone-registration database_backup SUCCESS
2022-05-21-09-09 drone-registration mediafiles_backup SUCCESS
2022-05-21-09-10 drone-registration env_setup SUCCESS
2022-05-21-09-10 drone-registration env_backup SUCCESS
2022-05-21-09-10 drone-registration dockerfiles_backup SUCCESS
2022-05-21-09-10 drone-registration database_backup SUCCESS
2022-05-21-09-10 drone-registration mediafiles_backup SUCCESS
2022-05-21-09-30 IOM-Backend-Django env_setup SUCCESS
2022-05-21-09-30 IOM-Backend-Django env_backup SUCCESS
2022-05-21-09-30 IOM-Backend-Django dockerfiles_backup SUCCESS
2022-05-21-09-30 IOM-Backend-Django database_backup SUCCESS
2022-05-21-09-30 IOM-Backend-Django mediafiles_backup SUCCESS
